This is e-TeX, Version 3.14159-2.1 (Web2C 7.4.5) (format=latex 2005.9.3)  28 SEP 2005 13:22
entering extended mode
**FSR-Info.tex
(./FSR-Info.tex
LaTeX2e <2001/06/01>
Babel <v3.7h> and hyphenation patterns for american, french, german, ngerman, n
ohyphenation, basque, czech, icelandic, slovak, slovene, loaded.
(/usr/share/texmf/tex/latex/base/article.cls
Document Class: article 2001/04/21 v1.4e Standard LaTeX document class
(/usr/share/texmf/tex/latex/base/size12.clo
File: size12.clo 2001/04/21 v1.4e Standard LaTeX file (size option)
)
\c@part=\count79
\c@section=\count80
\c@subsection=\count81
\c@subsubsection=\count82
\c@paragraph=\count83
\c@subparagraph=\count84
\c@figure=\count85
\c@table=\count86
\abovecaptionskip=\skip41
\belowcaptionskip=\skip42
\bibindent=\dimen102
)
(/usr/share/texmf/tex/generic/german/german.sty v2.5e 1998-07-08
Package: german 1998/07/08 v2.5e Support for writing german texts (br)
\grmnU@D=\dimen103
)
No file FSR-Info.aux.
\openout1 = `FSR-Info.aux'.

LaTeX Font Info:    Checking defaults for OML/cmm/m/it on input line 4.
LaTeX Font Info:    ... okay on input line 4.
LaTeX Font Info:    Checking defaults for T1/cmr/m/n on input line 4.
LaTeX Font Info:    ... okay on input line 4.
LaTeX Font Info:    Checking defaults for OT1/cmr/m/n on input line 4.
LaTeX Font Info:    ... okay on input line 4.
LaTeX Font Info:    Checking defaults for OMS/cmsy/m/n on input line 4.
LaTeX Font Info:    ... okay on input line 4.
LaTeX Font Info:    Checking defaults for OMX/cmex/m/n on input line 4.
LaTeX Font Info:    ... okay on input line 4.
LaTeX Font Info:    Checking defaults for U/cmr/m/n on input line 4.
LaTeX Font Info:    ... okay on input line 4.
LaTeX Font Info:    Try loading font information for OMS+cmr on input line 39.
(/usr/share/texmf/tex/latex/base/omscmr.fd
File: omscmr.fd 1999/05/25 v2.5h Standard LaTeX font definitions
)
LaTeX Font Info:    Font shape `OMS/cmr/m/n' in size <12> not available
(Font)              Font shape `OMS/cmsy/m/n' tried instead on input line 39.
 [1

]
Overfull \hbox (1.12096pt too wide) in paragraph at lines 67--73
\OT1/cmr/m/n/12 rungs-punk-te, die an-de-ren Grup-pen be-kom-men Ego-is-mus-pun
k-te von der Spiel-
 []

[2] (./FSR-Info.aux) ) 
Here is how much of TeX's memory you used:
 402 strings out of 95667
 4359 string characters out of 1193303
 50583 words of memory out of 1000001
 3508 multiletter control sequences out of 10000+50000
 6053 words of font info for 22 fonts, out of 500000 for 1000
 19 hyphenation exceptions out of 1000
 22i,4n,19p,156b,149s stack positions out of 1500i,500n,5000p,200000b,5000s

Output written on FSR-Info.dvi (2 pages, 3844 bytes).
